<?xml version="1.0" encoding="UTF-8"?>
<!-- Generated by org.testng.reporters.JUnitXMLReporter -->
<testsuite hostname="sai" name="End to End Testing" tests="4" failures="0" timestamp="11 Aug 2017 07:48:37 GMT" time="70.11" errors="0">
  <testcase name="loginTest" time="24.818" classname="day24.testuite.Login"/>
  <testcase name="addEmployeeTest" time="9.675" classname="day24.testuite.AddEmployee"/>
  <testcase name="deleteTest" time="34.313" classname="day24.testuite.DeleteEmployee"/>
  <testcase name="logoutTest" time="1.207" classname="day24.testuite.Logout"/>
</testsuite> <!-- End to End Testing -->
