<?xml version="1.0" encoding="UTF-8"?>
<!-- Generated by org.testng.reporters.JUnitXMLReporter -->
<testsuite hostname="sai" name="On ie" tests="1" failures="1" timestamp="15 Aug 2017 06:57:14 GMT" time="12.191" errors="0">
  <testcase name="dropdownTest" time="11.984" classname="day27.DropdownOnGrid">
    <failure type="org.openqa.selenium.NoSuchWindowException" message="Unable to find element on closed window (WARNING: The server did not provide any stacktrace information)
Command duration or timeout: 25 milliseconds
Build info: version: &amp;apos;2.53.1&amp;apos;, revision: &amp;apos;a36b8b1&amp;apos;, time: &amp;apos;2016-06-30 17:37:03&amp;apos;
System info: host: &amp;apos;sai&amp;apos;, ip: &amp;apos;192.168.60.1&amp;apos;, os.name: &amp;apos;Windows 8.1&amp;apos;, os.arch: &amp;apos;amd64&amp;apos;, os.version: &amp;apos;6.3&amp;apos;, java.version: &amp;apos;1.7.0_80&amp;apos;
*** Element info: {Using=link text, value=REGISTER}
Session ID: 0aac9154-cd8d-4c6a-8343-1d4a9064af68
Driver info: org.openqa.selenium.ie.InternetExplorerDriver
Capabilities [{platform=WINDOWS, javascriptEnabled=true, browserName=internet explorer, unexpectedAlertBehaviour=dismiss, se:ieOptions={elementScrollBehavior=0, ignoreZoomSetting=false, enablePersistentHover=true, ie.ensureCleanSession=false, enableElementCacheCleanup=true, ie.enableFullPageScreenshot=true, ie.useLegacyFileUploadDialogHandling=false, ie.fileUploadDialogTimeout=3000, ie.forceShellWindowsApi=false, ignoreProtectedModeSettings=false, requireWindowFocus=false, initialBrowserUrl=http://localhost:20415/, ie.forceCreateProcessApi=false, nativeEvents=true, browserAttachTimeout=0, ie.browserCommandLineSwitches=}, version=11, pageLoadStrategy=normal}]
Command duration or timeout: 1.91 seconds
Build info: version: &amp;apos;2.53.1&amp;apos;, revision: &amp;apos;a36b8b1&amp;apos;, time: &amp;apos;2016-06-30 17:37:03&amp;apos;
System info: host: &amp;apos;sai&amp;apos;, ip: &amp;apos;192.168.60.1&amp;apos;, os.name: &amp;apos;Windows 8.1&amp;apos;, os.arch: &amp;apos;amd64&amp;apos;, os.version: &amp;apos;6.3&amp;apos;, java.version: &amp;apos;1.7.0_80&amp;apos;
*** Element info: {Using=link text, value=REGISTER}
Session ID: 3f023630-400c-40e0-bdfe-81edcdaa61f5
Driver info: org.openqa.selenium.remote.RemoteWebDriver
Capabilities [{platform=WINDOWS, cssSelectorsEnabled=true, javascriptEnabled=true, browserName=internet explorer, unexpectedAlertBehaviour=dismiss, se:ieOptions={elementScrollBehavior=0, ignoreZoomSetting=false, enablePersistentHover=true, ie.ensureCleanSession=false, enableElementCacheCleanup=true, ie.enableFullPageScreenshot=true, ie.useLegacyFileUploadDialogHandling=false, ie.fileUploadDialogTimeout=3000, ie.forceShellWindowsApi=false, ignoreProtectedModeSettings=false, requireWindowFocus=false, initialBrowserUrl=http://localhost:20415/, ie.forceCreateProcessApi=false, nativeEvents=true, browserAttachTimeout=0, ie.browserCommandLineSwitches=}, webdriver.remote.sessionid=3f023630-400c-40e0-bdfe-81edcdaa61f5, takesScreenshot=true, version=11, pageLoadStrategy=normal}]">
      <![CDATA[org.openqa.selenium.NoSuchWindowException: Unable to find element on closed window (WARNING: The server did not provide any stacktrace information)
Command duration or timeout: 25 milliseconds
Build info: version: '2.53.1', revision: 'a36b8b1', time: '2016-06-30 17:37:03'
System info: host: 'sai', ip: '192.168.60.1', os.name: 'Windows 8.1', os.arch: 'amd64', os.version: '6.3', java.version: '1.7.0_80'
*** Element info: {Using=link text, value=REGISTER}
Session ID: 0aac9154-cd8d-4c6a-8343-1d4a9064af68
Driver info: org.openqa.selenium.ie.InternetExplorerDriver
Capabilities [{platform=WINDOWS, javascriptEnabled=true, browserName=internet explorer, unexpectedAlertBehaviour=dismiss, se:ieOptions={elementScrollBehavior=0, ignoreZoomSetting=false, enablePersistentHover=true, ie.ensureCleanSession=false, enableElementCacheCleanup=true, ie.enableFullPageScreenshot=true, ie.useLegacyFileUploadDialogHandling=false, ie.fileUploadDialogTimeout=3000, ie.forceShellWindowsApi=false, ignoreProtectedModeSettings=false, requireWindowFocus=false, initialBrowserUrl=http://localhost:20415/, ie.forceCreateProcessApi=false, nativeEvents=true, browserAttachTimeout=0, ie.browserCommandLineSwitches=}, version=11, pageLoadStrategy=normal}]
Command duration or timeout: 1.91 seconds
Build info: version: '2.53.1', revision: 'a36b8b1', time: '2016-06-30 17:37:03'
System info: host: 'sai', ip: '192.168.60.1', os.name: 'Windows 8.1', os.arch: 'amd64', os.version: '6.3', java.version: '1.7.0_80'
*** Element info: {Using=link text, value=REGISTER}
Session ID: 3f023630-400c-40e0-bdfe-81edcdaa61f5
Driver info: org.openqa.selenium.remote.RemoteWebDriver
Capabilities [{platform=WINDOWS, cssSelectorsEnabled=true, javascriptEnabled=true, browserName=internet explorer, unexpectedAlertBehaviour=dismiss, se:ieOptions={elementScrollBehavior=0, ignoreZoomSetting=false, enablePersistentHover=true, ie.ensureCleanSession=false, enableElementCacheCleanup=true, ie.enableFullPageScreenshot=true, ie.useLegacyFileUploadDialogHandling=false, ie.fileUploadDialogTimeout=3000, ie.forceShellWindowsApi=false, ignoreProtectedModeSettings=false, requireWindowFocus=false, initialBrowserUrl=http://localhost:20415/, ie.forceCreateProcessApi=false, nativeEvents=true, browserAttachTimeout=0, ie.browserCommandLineSwitches=}, webdriver.remote.sessionid=3f023630-400c-40e0-bdfe-81edcdaa61f5, takesScreenshot=true, version=11, pageLoadStrategy=normal}]
	at org.openqa.selenium.remote.ErrorHandler.createThrowable(ErrorHandler.java:206)
	at org.openqa.selenium.remote.ErrorHandler.throwIfResponseFailed(ErrorHandler.java:158)
	at org.openqa.selenium.remote.RemoteWebDriver.execute(RemoteWebDriver.java:678)
	at org.openqa.selenium.remote.RemoteWebDriver.findElement(RemoteWebDriver.java:363)
	at org.openqa.selenium.remote.RemoteWebDriver.findElementByLinkText(RemoteWebDriver.java:428)
	at org.openqa.selenium.By$ByLinkText.findElement(By.java:246)
	at org.openqa.selenium.remote.RemoteWebDriver.findElement(RemoteWebDriver.java:355)
	at day27.DropdownOnGrid.dropdownTest(DropdownOnGrid.java:40)
	at java.util.concurrent.FutureTask.run(Unknown Source)
	at java.util.concurrent.ThreadPoolExecutor.runWorker(Unknown Source)
	at java.util.concurrent.ThreadPoolExecutor$Worker.run(Unknown Source)
	at java.lang.Thread.run(Unknown Source)
Caused by: org.openqa.selenium.remote.ScreenshotException: Screen shot has been taken
Build info: version: '2.53.1', revision: 'a36b8b1', time: '2016-06-30 17:37:03'
System info: host: 'sai', ip: '192.168.60.1', os.name: 'Windows 8.1', os.arch: 'amd64', os.version: '6.3', java.version: '1.7.0_80'
Driver info: driver.version: RemoteWebDriver
	at org.openqa.selenium.remote.ErrorHandler.throwIfResponseFailed(ErrorHandler.java:138)
	... 26 more
Caused by: org.openqa.selenium.NoSuchWindowException: Unable to find element on closed window (WARNING: The server did not provide any stacktrace information)
Command duration or timeout: 25 milliseconds
Build info: version: '2.53.1', revision: 'a36b8b1', time: '2016-06-30 17:37:03'
System info: host: 'sai', ip: '192.168.60.1', os.name: 'Windows 8.1', os.arch: 'amd64', os.version: '6.3', java.version: '1.7.0_80'
*** Element info: {Using=link text, value=REGISTER}
Session ID: 0aac9154-cd8d-4c6a-8343-1d4a9064af68
Driver info: org.openqa.selenium.ie.InternetExplorerDriver
Capabilities [{platform=WINDOWS, javascriptEnabled=true, browserName=internet explorer, unexpectedAlertBehaviour=dismiss, se:ieOptions={elementScrollBehavior=0, ignoreZoomSetting=false, enablePersistentHover=true, ie.ensureCleanSession=false, enableElementCacheCleanup=true, ie.enableFullPageScreenshot=true, ie.useLegacyFileUploadDialogHandling=false, ie.fileUploadDialogTimeout=3000, ie.forceShellWindowsApi=false, ignoreProtectedModeSettings=false, requireWindowFocus=false, initialBrowserUrl=http://localhost:20415/, ie.forceCreateProcessApi=false, nativeEvents=true, browserAttachTimeout=0, ie.browserCommandLineSwitches=}, version=11, pageLoadStrategy=normal}]
Build info: version: '2.53.1', revision: 'a36b8b1', time: '2016-06-30 17:37:03'
System info: host: 'sai', ip: '192.168.60.1', os.name: 'Windows 8.1', os.arch: 'amd64', os.version: '6.3', java.version: '1.7.0_80'
Driver info: driver.version: EventFiringWebDriver
	at org.openqa.selenium.remote.ErrorHandler.createThrowable(ErrorHandler.java:206)
	at org.openqa.selenium.remote.ErrorHandler.throwIfResponseFailed(ErrorHandler.java:158)
	at org.openqa.selenium.remote.RemoteWebDriver.execute(RemoteWebDriver.java:678)
	at org.openqa.selenium.remote.RemoteWebDriver.findElement(RemoteWebDriver.java:363)
	at org.openqa.selenium.remote.RemoteWebDriver.findElementByLinkText(RemoteWebDriver.java:428)
	at org.openqa.selenium.By$ByLinkText.findElement(By.java:246)
	at org.openqa.selenium.remote.RemoteWebDriver.findElement(RemoteWebDriver.java:355)
	at org.openqa.selenium.support.events.EventFiringWebDriver$2.invoke(EventFiringWebDriver.java:103)
	at com.sun.proxy.$Proxy5.findElement(Unknown Source)
	at org.openqa.selenium.support.events.EventFiringWebDriver.findElement(EventFiringWebDriver.java:188)
	at org.openqa.selenium.remote.server.handler.FindElement.call(FindElement.java:48)
	at org.openqa.selenium.remote.server.handler.FindElement.call(FindElement.java:1)
	at java.util.concurrent.FutureTask.run(Unknown Source)
	at org.openqa.selenium.remote.server.DefaultSession$1.run(DefaultSession.java:176)
	... 3 more
... Removed 28 stack frames]]>
    </failure>
  </testcase> <!-- dropdownTest -->
</testsuite> <!-- On ie -->
